<?xml version="1.0" encoding="UTF-8"?>
<testsuite name="org.jacoco.examples.java.gradle.Lab5Test" tests="7" skipped="0" failures="0" errors="0" timestamp="2017-10-29T16:57:02" hostname="TOSH" time="1.676">
  <properties/>
  <testcase name="testJacksonSerialize" classname="org.jacoco.examples.java.gradle.Lab5Test" time="0.169"/>
  <testcase name="testGsonDeSerialize" classname="org.jacoco.examples.java.gradle.Lab5Test" time="0.092"/>
  <testcase name="testOrgJsonSerialize" classname="org.jacoco.examples.java.gradle.Lab5Test" time="0.021"/>
  <testcase name="testGsonSerialize" classname="org.jacoco.examples.java.gradle.Lab5Test" time="0.135"/>
  <testcase name="testJacksonDeSerialize" classname="org.jacoco.examples.java.gradle.Lab5Test" time="0.694"/>
  <testcase name="testMetricsOfMethods" classname="org.jacoco.examples.java.gradle.Lab5Test" time="0.548"/>
  <testcase name="testOrgJsonDeserialize" classname="org.jacoco.examples.java.gradle.Lab5Test" time="0.009"/>
  <system-out><![CDATA[jacksonSerialize
"{\n\t\"field_number\": 1,\n\t\"field_string\": qwerty,\n\t\"field_object\": {\n\t\t\"field_number\": 1,\n\t\t\"field_string\": \"qwerty\"\n\t},\n\t\"field_map\": {field_number=1, field_string=qwerty}\n}"
"{\n\t\"field_number\": 1,\n\t\"field_string\": qwerty,\n\t\"field_object\": {\n\t\t\"field_number\": 1,\n\t\t\"field_string\": \"qwerty\"\n\t},\n\t\"field_map\": {field_number=1, field_string=qwerty}\n}"
"{\n\t\"field_number\": 1,\n\t\"field_string\": qwerty,\n\t\"field_object\": {\n\t\t\"field_number\": 1,\n\t\t\"field_string\": \"qwerty\"\n\t},\n\t\"field_map\": {field_number=1, field_string=qwerty}\n}"
"{\n\t\"field_number\": 1,\n\t\"field_string\": qwerty,\n\t\"field_object\": {\n\t\t\"field_number\": 1,\n\t\t\"field_string\": \"qwerty\"\n\t},\n\t\"field_map\": {field_number=1, field_string=qwerty}\n}"
gsonDeserialize
{
	"field_number": 1,
	"field_string": qwerty,
	"field_object": {
		"field_number": 1,
		"field_string": "qwerty"
	},
	"field_map": {field_number=1, field_string=qwerty}
}
{
	"field_number": 1,
	"field_string": qwerty,
	"field_object": {
		"field_number": 1,
		"field_string": "qwerty"
	},
	"field_map": {field_number=1, field_string=qwerty}
}
{
	"field_number": 1,
	"field_string": qwerty,
	"field_object": {
		"field_number": 1,
		"field_string": "qwerty"
	},
	"field_map": {field_number=1, field_string=qwerty}
}
{
	"field_number": 1,
	"field_string": qwerty,
	"field_object": {
		"field_number": 1,
		"field_string": "qwerty"
	},
	"field_map": {field_number=1, field_string=qwerty}
}
{
	"field_number": 1,
	"field_string": qwerty,
	"field_object": {
		"field_number": 1,
		"field_string": "qwerty"
	},
	"field_map": {field_number=1, field_string=qwerty}
}
{
	"field_number": 1,
	"field_string": qwerty,
	"field_object": {
		"field_number": 1,
		"field_string": "qwerty"
	},
	"field_map": {field_number=1, field_string=qwerty}
}
orgJsonSerialize
{"field_number":1,"field_object":{"objectNumber":1,"objectString":"qwerty"},"field_map":{"field_number":1,"field_string":"qwerty"},"field_string":"qwerty"}
{"field_number":1,"field_object":{"objectNumber":1,"objectString":"qwerty"},"field_map":{"field_number":1,"field_string":"qwerty"},"field_string":"qwerty"}
{"field_number":1,"field_object":{"objectNumber":1,"objectString":"qwerty"},"field_map":{"field_number":1,"field_string":"qwerty"},"field_string":"qwerty"}
{"field_number":1,"field_object":{"objectNumber":1,"objectString":"qwerty"},"field_map":{"field_number":1,"field_string":"qwerty"},"field_string":"qwerty"}
gsonSerialize
{"field_string":"qwerty","field_number":1,"field_object":{"field_string":"qwerty","field_number":1},"field_map":{"field_number":1,"field_string":"qwerty"}}
{"field_string":"qwerty","field_number":1,"field_object":{"field_string":"qwerty","field_number":1},"field_map":{"field_number":1,"field_string":"qwerty"}}
{"field_string":"qwerty","field_number":1,"field_object":{"field_string":"qwerty","field_number":1},"field_map":{"field_number":1,"field_string":"qwerty"}}
{"field_string":"qwerty","field_number":1,"field_object":{"field_string":"qwerty","field_number":1},"field_map":{"field_number":1,"field_string":"qwerty"}}
jacksonDeserialize
{
	"field_number": 1,
	"field_string": qwerty,
	"field_object": {
		"field_number": 1,
		"field_string": "qwerty"
	},
	"field_map": {field_number=1, field_string=qwerty}
}
{
	"field_number": 1,
	"field_string": qwerty,
	"field_object": {
		"field_number": 1,
		"field_string": "qwerty"
	},
	"field_map": {field_number=1, field_string=qwerty}
}
{
	"field_number": 1,
	"field_string": qwerty,
	"field_object": {
		"field_number": 1,
		"field_string": "qwerty"
	},
	"field_map": {field_number=1, field_string=qwerty}
}
{
	"field_number": 1,
	"field_string": qwerty,
	"field_object": {
		"field_number": 1,
		"field_string": "qwerty"
	},
	"field_map": {field_number=1, field_string=qwerty}
}
{
	"field_number": 1,
	"field_string": qwerty,
	"field_object": {
		"field_number": 1,
		"field_string": "qwerty"
	},
	"field_map": {field_number=1, field_string=qwerty}
}
{
	"field_number": 1,
	"field_string": qwerty,
	"field_object": {
		"field_number": 1,
		"field_string": "qwerty"
	},
	"field_map": {field_number=1, field_string=qwerty}
}

METRICS_GSONdeserialize
{
	"field_number": 1,
	"field_string": qwerty,
	"field_object": {
		"field_number": 1,
		"field_string": "qwerty"
	},
	"field_map": {field_number=1, field_string=qwerty}
}
Execution time: 106ms
Used memory: 5.82mb

METRICS_GSONserialize
{"field_string":"qwerty","field_number":1,"field_object":{"field_string":"qwerty","field_number":1},"field_map":{"field_number":1,"field_string":"qwerty"}}
Execution time: 33ms
Used memory: 5.41mb

METRICS_JSONdeserialize
{
	"field_number": 1,
	"field_string": qwerty,
	"field_object": {
		"field_number": 1,
		"field_string": "qwerty"
	},
	"field_map": {field_number=1, field_string=qwerty}
}
Execution time: 36ms
Used memory: 5.85mb

METRICS_JSONserialize
{"field_number":1,"field_object":{"objectNumber":1,"objectString":"qwerty"},"field_map":{"field_number":1,"field_string":"qwerty"},"field_string":"qwerty"}
Execution time: 31ms
Used memory: 5.63mb

METRICS_JACKSONdeserialize
{
	"field_number": 1,
	"field_string": qwerty,
	"field_object": {
		"field_number": 1,
		"field_string": "qwerty"
	},
	"field_map": {field_number=1, field_string=qwerty}
}
Execution time: 67ms
Used memory: 5.65mb

METRICS_JACKSONserialize
"{\n\t\"field_number\": 1,\n\t\"field_string\": qwerty,\n\t\"field_object\": {\n\t\t\"field_number\": 1,\n\t\t\"field_string\": \"qwerty\"\n\t},\n\t\"field_map\": {field_number=1, field_string=qwerty}\n}"
Execution time: 36ms
Used memory: 7.17mb
orgJsonDeserialize
{
	"field_number": 1,
	"field_string": qwerty,
	"field_object": {
		"field_number": 1,
		"field_string": "qwerty"
	},
	"field_map": {field_number=1, field_string=qwerty}
}
{
	"field_number": 1,
	"field_string": qwerty,
	"field_object": {
		"field_number": 1,
		"field_string": "qwerty"
	},
	"field_map": {field_number=1, field_string=qwerty}
}
{
	"field_number": 1,
	"field_string": qwerty,
	"field_object": {
		"field_number": 1,
		"field_string": "qwerty"
	},
	"field_map": {field_number=1, field_string=qwerty}
}
{
	"field_number": 1,
	"field_string": qwerty,
	"field_object": {
		"field_number": 1,
		"field_string": "qwerty"
	},
	"field_map": {field_number=1, field_string=qwerty}
}
{
	"field_number": 1,
	"field_string": qwerty,
	"field_object": {
		"field_number": 1,
		"field_string": "qwerty"
	},
	"field_map": {field_number=1, field_string=qwerty}
}
{
	"field_number": 1,
	"field_string": qwerty,
	"field_object": {
		"field_number": 1,
		"field_string": "qwerty"
	},
	"field_map": {field_number=1, field_string=qwerty}
}
]]></system-out>
  <system-err><![CDATA[]]></system-err>
</testsuite>
